\BOOKMARK [1][-]{Doc-Start}{\376\377\000I\000N\000T\000R\000O\000D\000U\000C\000C\000I\000\323\000N}{}% 1
\BOOKMARK [1][-]{Doc-Start}{\376\377\000D\000A\000T\000O\000S\000\040\000G\000E\000N\000E\000R\000A\000L\000E\000S}{}% 2
\BOOKMARK [2][-]{section*.1}{\376\377\000T\000\355\000t\000u\000l\000o\000\040\000d\000e\000l\000\040\000p\000r\000o\000y\000e\000c\000t\000o\000:}{Doc-Start}% 3
\BOOKMARK [2][-]{section*.1}{\376\377\000E\000j\000e\000c\000u\000t\000o\000r\000/\000e\000j\000e\000c\000u\000t\000o\000r\000e\000s\000:}{Doc-Start}% 4
\BOOKMARK [2][-]{section*.1}{\376\377\000C\000o\000a\000s\000e\000s\000o\000r\000\040\000\050\000s\000i\000\040\000h\000u\000b\000i\000e\000s\000e\000\051\000:}{Doc-Start}% 5
\BOOKMARK [2][-]{section*.1}{\376\377\000L\000\355\000n\000e\000a\000\040\000d\000e\000\040\000i\000n\000v\000e\000s\000t\000i\000g\000a\000c\000i\000\363\000n\000:}{Doc-Start}% 6
\BOOKMARK [1][-]{Item.4}{\376\377\000C\000A\000P\000\315\000T\000U\000L\000O\000\040\000I\000\040}{}% 7
\BOOKMARK [1][-]{Item.4}{\376\377\000P\000L\000A\000N\000T\000E\000A\000M\000I\000E\000N\000T\000O\000\040\000D\000E\000L\000\040\000P\000R\000O\000B\000L\000E\000M\000A}{}% 8
\BOOKMARK [2][-]{subsection.1.1}{\376\377\000D\000e\000s\000c\000r\000i\000p\000c\000i\000\363\000n\000\040\000d\000e\000l\000\040\000p\000r\000o\000b\000l\000e\000m\000a}{Item.4}% 9
\BOOKMARK [2][-]{subsection.1.2}{\376\377\000E\000n\000u\000n\000c\000i\000a\000d\000o\000\040\000d\000e\000l\000\040\000p\000r\000o\000b\000l\000e\000m\000a}{Item.4}% 10
\BOOKMARK [3][-]{subsubsection.1.2.1}{\376\377\000P\000r\000o\000b\000l\000e\000m\000a\000\040\000g\000e\000n\000e\000r\000a\000l}{subsection.1.2}% 11
\BOOKMARK [3][-]{subsubsection.1.2.2}{\376\377\000P\000r\000o\000b\000l\000e\000m\000a\000s\000\040\000e\000s\000p\000e\000c\000\355\000f\000i\000c\000o\000s}{subsection.1.2}% 12
\BOOKMARK [2][-]{subsection.1.3}{\376\377\000J\000u\000s\000t\000i\000f\000i\000c\000a\000c\000i\000\363\000n\000\040\000d\000e\000\040\000l\000a\000\040\000i\000n\000v\000e\000s\000t\000i\000g\000a\000c\000i\000\363\000n}{Item.4}% 13
\BOOKMARK [3][-]{subsubsection.1.3.1}{\376\377\000J\000u\000s\000t\000i\000f\000i\000c\000a\000c\000i\000\363\000n\000\040\000C\000i\000e\000n\000t\000\355\000f\000i\000c\000a}{subsection.1.3}% 14
\BOOKMARK [3][-]{subsubsection.1.3.2}{\376\377\000J\000u\000s\000t\000i\000f\000i\000c\000a\000c\000i\000\363\000n\000\040\000T\000e\000c\000n\000o\000l\000\363\000g\000i\000c\000a}{subsection.1.3}% 15
\BOOKMARK [3][-]{subsubsection.1.3.3}{\376\377\000J\000u\000s\000t\000i\000f\000i\000c\000a\000c\000i\000\363\000n\000\040\000I\000n\000s\000t\000i\000t\000u\000c\000i\000o\000n\000a\000l}{subsection.1.3}% 16
\BOOKMARK [2][-]{subsection.1.4}{\376\377\000U\000b\000i\000c\000a\000c\000i\000\363\000n\000\040\000y\000\040\000C\000o\000n\000t\000e\000x\000t\000u\000a\000l\000i\000z\000a\000c\000i\000\363\000n}{Item.4}% 17
\BOOKMARK [1][-]{figure.caption.2}{\376\377\000C\000A\000P\000\315\000T\000U\000L\000O\000\040\000I\000I}{}% 18
\BOOKMARK [1][-]{figure.caption.2}{\376\377\000O\000B\000J\000E\000T\000I\000V\000O\000S\000\040\000E\000\040\000H\000I\000P\000\323\000T\000E\000S\000I\000S}{}% 19
\BOOKMARK [2][-]{subsection.2.1}{\376\377\000O\000b\000j\000e\000t\000i\000v\000o\000s\000\040\000d\000e\000\040\000l\000a\000\040\000i\000n\000v\000e\000s\000t\000i\000g\000a\000c\000i\000\363\000n}{figure.caption.2}% 20
\BOOKMARK [3][-]{subsubsection.2.1.1}{\376\377\000O\000b\000j\000e\000t\000i\000v\000o\000\040\000g\000e\000n\000e\000r\000a\000l}{subsection.2.1}% 21
\BOOKMARK [3][-]{subsubsection.2.1.2}{\376\377\000O\000b\000j\000e\000t\000i\000v\000o\000s\000\040\000e\000s\000p\000e\000c\000\355\000f\000i\000c\000o\000s}{subsection.2.1}% 22
\BOOKMARK [2][-]{subsection.2.2}{\376\377\000H\000i\000p\000\363\000t\000e\000s\000i\000s\000\040\000d\000e\000\040\000l\000a\000\040\000i\000n\000v\000e\000s\000t\000i\000g\000a\000c\000i\000\363\000n}{figure.caption.2}% 23
\BOOKMARK [3][-]{subsubsection.2.2.1}{\376\377\000H\000i\000p\000\363\000t\000e\000s\000i\000s\000\040\000g\000e\000n\000e\000r\000a\000l}{subsection.2.2}% 24
\BOOKMARK [3][-]{subsubsection.2.2.2}{\376\377\000H\000i\000p\000\363\000t\000e\000s\000i\000s\000\040\000e\000s\000p\000e\000c\000\355\000f\000i\000c\000a\000s}{subsection.2.2}% 25
\BOOKMARK [1][-]{table.caption.3}{\376\377\000C\000A\000P\000\315\000T\000U\000L\000O\000\040\000I\000I\000I}{}% 26
\BOOKMARK [1][-]{table.caption.3}{\376\377\000M\000A\000R\000C\000O\000\040\000T\000E\000\323\000R\000I\000C\000O\000\040\000R\000E\000F\000E\000R\000E\000N\000C\000I\000A\000L}{}% 27
\BOOKMARK [2][-]{subsection.3.1}{\376\377\000A\000n\000t\000e\000c\000e\000d\000e\000n\000t\000e\000s}{table.caption.3}% 28
\BOOKMARK [3][-]{subsubsection.3.1.1}{\376\377\000A\000n\000t\000e\000c\000e\000d\000e\000n\000t\000e\000s\000\040\000i\000n\000t\000e\000r\000n\000a\000c\000i\000o\000n\000a\000l\000e\000s}{subsection.3.1}% 29
\BOOKMARK [3][-]{subsubsection.3.1.2}{\376\377\000A\000n\000t\000e\000c\000e\000d\000e\000n\000t\000e\000s\000\040\000n\000a\000c\000i\000o\000n\000a\000l\000e\000s}{subsection.3.1}% 30
\BOOKMARK [2][-]{subsection.3.2}{\376\377\000M\000a\000r\000c\000o\000\040\000t\000e\000\363\000r\000i\000c\000o}{table.caption.3}% 31
\BOOKMARK [3][-]{subsubsection.3.2.1}{\376\377\000I\000n\000t\000e\000l\000i\000g\000e\000n\000c\000i\000a\000\040\000A\000r\000t\000i\000f\000i\000c\000i\000a\000l\000\040\000G\000e\000n\000e\000r\000a\000t\000i\000v\000a\000\040\000y\000\040\000A\000r\000q\000u\000i\000t\000e\000c\000t\000u\000r\000a\000\040\000R\000A\000G}{subsection.3.2}% 32
\BOOKMARK [3][-]{subsubsection.3.2.2}{\376\377\000A\000r\000q\000u\000i\000t\000e\000c\000t\000u\000r\000a\000\040\000T\000r\000a\000n\000s\000f\000o\000r\000m\000e\000r\000\040\000y\000\040\000M\000e\000c\000a\000n\000i\000s\000m\000o\000\040\000d\000e\000\040\000A\000t\000e\000n\000c\000i\000\363\000n}{subsection.3.2}% 33
\BOOKMARK [3][-]{subsubsection.3.2.3}{\376\377\000R\000e\000c\000o\000n\000o\000c\000i\000m\000i\000e\000n\000t\000o\000\040\000d\000e\000\040\000T\000e\000x\000t\000o\000\040\000M\000a\000n\000u\000s\000c\000r\000i\000t\000o\000\040\000\050\000H\000T\000R\000\051\000,\000\040\000T\000r\000O\000C\000R\000\040\000y\000\040\000F\000\363\000r\000m\000u\000l\000a\000s\000\040\000M\000a\000t\000e\000m\000\341\000t\000i\000c\000a\000s}{subsection.3.2}% 34
\BOOKMARK [3][-]{subsubsection.3.2.4}{\376\377\000V\000e\000c\000t\000o\000r\000\040\000E\000m\000b\000e\000d\000d\000i\000n\000g\000s\000\040\000y\000\040\000B\000a\000s\000e\000s\000\040\000d\000e\000\040\000D\000a\000t\000o\000s\000\040\000V\000e\000c\000t\000o\000r\000i\000a\000l\000e\000s}{subsection.3.2}% 35
\BOOKMARK [3][-]{subsubsection.3.2.5}{\376\377\000G\000r\000a\000f\000o\000s\000\040\000d\000e\000\040\000C\000o\000n\000o\000c\000i\000m\000i\000e\000n\000t\000o}{subsection.3.2}% 36
\BOOKMARK [3][-]{subsubsection.3.2.6}{\376\377\000G\000e\000n\000e\000r\000a\000c\000i\000\363\000n\000\040\000A\000u\000t\000o\000m\000\341\000t\000i\000c\000a\000\040\000d\000e\000\040\000E\000v\000a\000l\000u\000a\000c\000i\000o\000n\000e\000s\000\040\000A\000d\000a\000p\000t\000a\000t\000i\000v\000a\000s}{subsection.3.2}% 37
\BOOKMARK [3][-]{subsubsection.3.2.7}{\376\377\000A\000p\000r\000e\000n\000d\000i\000z\000a\000j\000e\000\040\000A\000c\000t\000i\000v\000o\000\040\000y\000\040\000R\000e\000c\000u\000p\000e\000r\000a\000c\000i\000\363\000n\000\040\000E\000s\000p\000a\000c\000i\000a\000d\000a\000\040\000\050\000S\000p\000a\000c\000e\000d\000\040\000R\000e\000p\000e\000t\000i\000t\000i\000o\000n\000\051}{subsection.3.2}% 38
\BOOKMARK [3][-]{subsubsection.3.2.8}{\376\377\000A\000p\000r\000e\000n\000d\000i\000z\000a\000j\000e\000\040\000C\000o\000l\000a\000b\000o\000r\000a\000t\000i\000v\000o\000\040\000M\000e\000d\000i\000a\000d\000o\000\040\000p\000o\000r\000\040\000T\000e\000c\000n\000o\000l\000o\000g\000\355\000a}{subsection.3.2}% 39
\BOOKMARK [3][-]{subsubsection.3.2.9}{\376\377\000C\000a\000r\000g\000a\000\040\000C\000o\000g\000n\000i\000t\000i\000v\000a\000\040\000y\000\040\000M\000e\000d\000i\000c\000i\000\363\000n\000\040\000c\000o\000n\000\040\000N\000A\000S\000A\000-\000T\000L\000X}{subsection.3.2}% 40
\BOOKMARK [3][-]{subsubsection.3.2.10}{\376\377\000P\000r\000i\000v\000a\000c\000i\000d\000a\000d\000\040\000y\000\040\000S\000e\000g\000u\000r\000i\000d\000a\000d\000\040\000d\000e\000\040\000D\000a\000t\000o\000s\000\040\000E\000s\000t\000u\000d\000i\000a\000n\000t\000i\000l\000e\000s\000\040\000e\000n\000\040\000P\000l\000a\000t\000a\000f\000o\000r\000m\000a\000s\000\040\000I\000A}{subsection.3.2}% 41
\BOOKMARK [3][-]{subsubsection.3.2.11}{\376\377\000A\000r\000q\000u\000i\000t\000e\000c\000t\000u\000r\000a\000\040\000L\000i\000m\000p\000i\000a\000\040\000\050\000C\000l\000e\000a\000n\000\040\000A\000r\000c\000h\000i\000t\000e\000c\000t\000u\000r\000e\000\051}{subsection.3.2}% 42
\BOOKMARK [2][-]{subsection.3.3}{\376\377\000M\000a\000r\000c\000o\000\040\000c\000o\000n\000c\000e\000p\000t\000u\000a\000l}{table.caption.3}% 43
\BOOKMARK [1][-]{Item.29}{\376\377\000C\000A\000P\000\315\000T\000U\000L\000O\000\040\000I\000V}{}% 44
\BOOKMARK [1][-]{Item.29}{\376\377\000M\000E\000T\000O\000D\000O\000L\000O\000G\000\315\000A}{}% 45
\BOOKMARK [2][-]{subsection.4.1}{\376\377\000T\000i\000p\000o\000\040\000y\000\040\000n\000i\000v\000e\000l\000\040\000d\000e\000\040\000i\000n\000v\000e\000s\000t\000i\000g\000a\000c\000i\000\363\000n}{Item.29}% 46
\BOOKMARK [2][-]{subsection.4.2}{\376\377\000D\000i\000s\000e\000\361\000o\000\040\000d\000e\000\040\000l\000a\000\040\000i\000n\000v\000e\000s\000t\000i\000g\000a\000c\000i\000\363\000n}{Item.29}% 47
\BOOKMARK [2][-]{subsection.4.3}{\376\377\000D\000e\000s\000c\000r\000i\000p\000c\000i\000\363\000n\000\040\000\351\000t\000i\000c\000a\000\040\000d\000e\000\040\000l\000a\000\040\000i\000n\000v\000e\000s\000t\000i\000g\000a\000c\000i\000\363\000n}{Item.29}% 48
\BOOKMARK [2][-]{subsection.4.4}{\376\377\000P\000r\000o\000c\000e\000d\000i\000m\000i\000e\000n\000t\000o}{Item.29}% 49
\BOOKMARK [2][-]{subsection.4.5}{\376\377\000P\000o\000b\000l\000a\000c\000i\000\363\000n\000\040\000y\000\040\000m\000u\000e\000s\000t\000r\000a}{Item.29}% 50
\BOOKMARK [3][-]{subsubsection.4.5.1}{\376\377\000P\000o\000b\000l\000a\000c\000i\000\363\000n}{subsection.4.5}% 51
\BOOKMARK [3][-]{subsubsection.4.5.2}{\376\377\000M\000u\000e\000s\000t\000r\000a}{subsection.4.5}% 52
\BOOKMARK [2][-]{subsection.4.6}{\376\377\000T\000\351\000c\000n\000i\000c\000a\000s\000\040\000e\000\040\000i\000n\000s\000t\000r\000u\000m\000e\000n\000t\000o\000s}{Item.29}% 53
\BOOKMARK [3][-]{subsubsection.4.6.1}{\376\377\000T\000\351\000c\000n\000i\000c\000a\000s}{subsection.4.6}% 54
\BOOKMARK [3][-]{subsubsection.4.6.2}{\376\377\000I\000n\000s\000t\000r\000u\000m\000e\000n\000t\000o\000s}{subsection.4.6}% 55
\BOOKMARK [2][-]{subsection.4.7}{\376\377\000E\000s\000t\000a\000d\000\355\000s\000t\000i\000c\000o\000\040\000d\000e\000\040\000l\000a\000\040\000i\000n\000v\000e\000s\000t\000i\000g\000a\000c\000i\000\363\000n}{Item.29}% 56
\BOOKMARK [3][-]{subsubsection.4.7.1}{\376\377\000D\000a\000t\000o\000s}{subsection.4.7}% 57
\BOOKMARK [3][-]{subsubsection.4.7.2}{\376\377\000E\000s\000t\000a\000d\000\355\000s\000t\000i\000c\000o}{subsection.4.7}% 58
\BOOKMARK [3][-]{subsubsection.4.7.3}{\376\377\000F\000\363\000r\000m\000u\000l\000a\000s}{subsection.4.7}% 59
\BOOKMARK [3][-]{subsubsection.4.7.4}{\376\377\000N\000i\000v\000e\000l\000\040\000d\000e\000\040\000s\000i\000g\000n\000i\000f\000i\000c\000a\000n\000c\000i\000a}{subsection.4.7}% 60
\BOOKMARK [3][-]{subsubsection.4.7.5}{\376\377\000E\000s\000t\000a\000d\000\355\000s\000t\000i\000c\000o\000\040\000d\000e\000\040\000p\000r\000u\000e\000b\000a}{subsection.4.7}% 61
\BOOKMARK [3][-]{subsubsection.4.7.6}{\376\377\000R\000e\000g\000i\000\363\000n\000\040\000c\000r\000\355\000t\000i\000c\000a}{subsection.4.7}% 62
\BOOKMARK [3][-]{subsubsection.4.7.7}{\376\377\000I\000n\000t\000e\000r\000p\000r\000e\000t\000a\000c\000i\000\363\000n}{subsection.4.7}% 63
\BOOKMARK [1][-]{subsubsection.4.7.7}{\376\377\000C\000A\000P\000\315\000T\000U\000L\000O\000\040\000V}{}% 64
\BOOKMARK [1][-]{subsubsection.4.7.7}{\376\377\000A\000D\000M\000I\000N\000I\000S\000T\000R\000A\000C\000I\000\323\000N\000\040\000D\000E\000L\000\040\000P\000R\000O\000Y\000E\000C\000T\000O}{}% 65
\BOOKMARK [2][-]{subsection.5.1}{\376\377\000C\000r\000o\000n\000o\000g\000r\000a\000m\000a\000\040\000d\000e\000\040\000a\000c\000t\000i\000v\000i\000d\000a\000d\000e\000s}{subsubsection.4.7.7}% 66
\BOOKMARK [2][-]{subsection.5.2}{\376\377\000P\000r\000e\000s\000u\000p\000u\000e\000s\000t\000o}{subsubsection.4.7.7}% 67
\BOOKMARK [2][-]{subsection.5.3}{\376\377\000F\000u\000e\000n\000t\000e\000\040\000d\000e\000\040\000f\000i\000n\000a\000n\000c\000i\000a\000m\000i\000e\000n\000t\000o}{subsubsection.4.7.7}% 68
\BOOKMARK [1][-]{subsection.5.3}{\376\377\000R\000E\000F\000E\000R\000E\000N\000C\000I\000A\000S\000\040\000B\000I\000B\000L\000I\000O\000G\000R\000\301\000F\000I\000C\000A\000S}{}% 69
\BOOKMARK [1][-]{subsection.5.3}{\376\377\000A\000N\000E\000X\000O\000S}{}% 70
